# JRE version: Java(TM) SE Runtime Environment (21.0.5+9) (build 21.0.5+9-LTS-239)
# Java VM: Java HotSpot(TM) 64-Bit Server VM (21.0.5+9-LTS-239, mixed mode, emulated-client, sharing, tiered, compressed oops, compressed class ptrs, g1 gc, linux-amd64)
GC Precious Log:
 CardTable entry size: 512
 Card Set container configuration: InlinePtr #cards 4 size 8 Array Of Cards #cards 16 size 48 Howl #buckets 8 coarsen threshold 3686 Howl Bitmap #cards 512 size 80 coarsen threshold 460 Card regions per heap region 1 cards per card region 4096
 CPUs: 12 total, 12 available
 Memory: 15909M
 Large Page Support: Disabled
 NUMA Support: Disabled
 Compressed Oops: Enabled (Zero based)
 Heap Region Size: 2M
 Heap Min Capacity: 8M
 Heap Initial Capacity: 250M
 Heap Max Capacity: 3978M
 Pre-touch: Disabled
 Parallel Workers: 10
 Concurrent Workers: 3
 Concurrent Refinement Workers: 10
 Periodic GC: Disabled
Heap:
 garbage-first heap   total 227328K, used 151286K [0x0000000707600000, 0x0000000800000000)
  region size 2048K, 32 young (65536K), 3 survivors (6144K)
 Metaspace       used 67727K, committed 69312K, reserved 1114112K
  class space    used 9027K, committed 9792K, reserved 1048576K
GC Heap History (20 events):
Event: 1,042 GC heap before
{Heap before GC invocations=6 (full 0):
 garbage-first heap   total 137216K, used 82286K [0x0000000707600000, 0x0000000800000000)
  region size 2048K, 25 young (51200K), 3 survivors (6144K)
 Metaspace       used 20702K, committed 21568K, reserved 1114112K
  class space    used 2848K, committed 3264K, reserved 1048576K
}
Event: 1,044 GC heap after
{Heap after GC invocations=7 (full 0):
 garbage-first heap   total 188416K, used 45081K [0x0000000707600000, 0x0000000800000000)
  region size 2048K, 3 young (6144K), 3 survivors (6144K)
 Metaspace       used 20702K, committed 21568K, reserved 1114112K
  class space    used 2848K, committed 3264K, reserved 1048576K
}
Event: 1,052 GC heap before
{Heap before GC invocations=7 (full 0):
 garbage-first heap   total 188416K, used 49177K [0x0000000707600000, 0x0000000800000000)
  region size 2048K, 6 young (12288K), 3 survivors (6144K)
 Metaspace       used 20996K, committed 21824K, reserved 1114112K
  class space    used 2907K, committed 3328K, reserved 1048576K
}
Event: 1,053 GC heap after
{Heap after GC invocations=8 (full 0):
 garbage-first heap   total 188416K, used 44918K [0x0000000707600000, 0x0000000800000000)
  region size 2048K, 3 young (6144K), 3 survivors (6144K)
 Metaspace       used 20996K, committed 21824K, reserved 1114112K
  class space    used 2907K, committed 3328K, reserved 1048576K
}
Event: 1,337 GC heap before
{Heap before GC invocations=9 (full 0):
 garbage-first heap   total 188416K, used 147318K [0x0000000707600000, 0x0000000800000000)
  region size 2048K, 54 young (110592K), 3 survivors (6144K)
 Metaspace       used 28113K, committed 29312K, reserved 1114112K
  class space    used 3970K, committed 4544K, reserved 1048576K
}
Event: 1,340 GC heap after
{Heap after GC invocations=10 (full 0):
 garbage-first heap   total 188416K, used 50119K [0x0000000707600000, 0x0000000800000000)
  region size 2048K, 5 young (10240K), 5 survivors (10240K)
 Metaspace       used 28113K, committed 29312K, reserved 1114112K
  class space    used 3970K, committed 4544K, reserved 1048576K
}
Event: 1,717 GC heap before
{Heap before GC invocations=10 (full 0):
 garbage-first heap   total 188416K, used 142279K [0x0000000707600000, 0x0000000800000000)
  region size 2048K, 51 young (104448K), 5 survivors (10240K)
 Metaspace       used 36035K, committed 37440K, reserved 1114112K
  class space    used 5021K, committed 5696K, reserved 1048576K
}
Event: 1,725 GC heap after
{Heap after GC invocations=11 (full 0):
 garbage-first heap   total 188416K, used 59381K [0x0000000707600000, 0x0000000800000000)
  region size 2048K, 7 young (14336K), 7 survivors (14336K)
 Metaspace       used 36035K, committed 37440K, reserved 1114112K
  class space    used 5021K, committed 5696K, reserved 1048576K
}
Event: 1,734 GC heap before
{Heap before GC invocations=11 (full 0):
 garbage-first heap   total 188416K, used 59381K [0x0000000707600000, 0x0000000800000000)
  region size 2048K, 8 young (16384K), 7 survivors (14336K)
 Metaspace       used 36380K, committed 37760K, reserved 1114112K
  class space    used 5071K, committed 5696K, reserved 1048576K
}
Event: 1,740 GC heap after
{Heap after GC invocations=12 (full 0):
 garbage-first heap   total 188416K, used 62749K [0x0000000707600000, 0x0000000800000000)
  region size 2048K, 2 young (4096K), 2 survivors (4096K)
 Metaspace       used 36380K, committed 37760K, reserved 1114112K
  class space    used 5071K, committed 5696K, reserved 1048576K
}
Event: 3,515 GC heap before
{Heap before GC invocations=13 (full 0):
 garbage-first heap   total 188416K, used 159005K [0x0000000707600000, 0x0000000800000000)
  region size 2048K, 50 young (102400K), 2 survivors (4096K)
 Metaspace       used 54356K, committed 55872K, reserved 1114112K
  class space    used 7387K, committed 8128K, reserved 1048576K
}
Event: 3,518 GC heap after
{Heap after GC invocations=14 (full 0):
 garbage-first heap   total 188416K, used 66039K [0x0000000707600000, 0x0000000800000000)
  region size 2048K, 3 young (6144K), 3 survivors (6144K)
 Metaspace       used 54356K, committed 55872K, reserved 1114112K
  class space    used 7387K, committed 8128K, reserved 1048576K
}
Event: 2014,809 GC heap before
{Heap before GC invocations=14 (full 0):
 garbage-first heap   total 188416K, used 111095K [0x0000000707600000, 0x0000000800000000)
  region size 2048K, 23 young (47104K), 3 survivors (6144K)
 Metaspace       used 62465K, committed 64000K, reserved 1114112K
  class space    used 8394K, committed 9152K, reserved 1048576K
}
Event: 2014,815 GC heap after
{Heap after GC invocations=15 (full 0):
 garbage-first heap   total 188416K, used 83378K [0x0000000707600000, 0x0000000800000000)
  region size 2048K, 7 young (14336K), 7 survivors (14336K)
 Metaspace       used 62465K, committed 64000K, reserved 1114112K
  class space    used 8394K, committed 9152K, reserved 1048576K
}
Event: 2014,910 GC heap before
{Heap before GC invocations=15 (full 0):
 garbage-first heap   total 188416K, used 116146K [0x0000000707600000, 0x0000000800000000)
  region size 2048K, 25 young (51200K), 7 survivors (14336K)
 Metaspace       used 62823K, committed 64320K, reserved 1114112K
  class space    used 8462K, committed 9152K, reserved 1048576K
}
Event: 2014,915 GC heap after
{Heap after GC invocations=16 (full 0):
 garbage-first heap   total 188416K, used 96238K [0x0000000707600000, 0x0000000800000000)
  region size 2048K, 6 young (12288K), 6 survivors (12288K)
 Metaspace       used 62823K, committed 64320K, reserved 1114112K
  class space    used 8462K, committed 9152K, reserved 1048576K
}
Event: 2015,186 GC heap before
{Heap before GC invocations=17 (full 0):
 garbage-first heap   total 188416K, used 151534K [0x0000000707600000, 0x0000000800000000)
  region size 2048K, 36 young (73728K), 6 survivors (12288K)
 Metaspace       used 63533K, committed 64832K, reserved 1114112K
  class space    used 8494K, committed 9216K, reserved 1048576K
}
Event: 2015,190 GC heap after
{Heap after GC invocations=18 (full 0):
 garbage-first heap   total 188416K, used 101174K [0x0000000707600000, 0x0000000800000000)
  region size 2048K, 5 young (10240K), 5 survivors (10240K)
 Metaspace       used 63533K, committed 64832K, reserved 1114112K
  class space    used 8494K, committed 9216K, reserved 1048576K
}
Event: 2015,294 GC heap before
{Heap before GC invocations=18 (full 0):
 garbage-first heap   total 188416K, used 158518K [0x0000000707600000, 0x0000000800000000)
  region size 2048K, 33 young (67584K), 5 survivors (10240K)
 Metaspace       used 64688K, committed 66176K, reserved 1114112K
  class space    used 8740K, committed 9472K, reserved 1048576K
}
Event: 2015,299 GC heap after
{Heap after GC invocations=19 (full 0):
 garbage-first heap   total 227328K, used 95990K [0x0000000707600000, 0x0000000800000000)
  region size 2048K, 3 young (6144K), 3 survivors (6144K)
 Metaspace       used 64688K, committed 66176K, reserved 1114112K
  class space    used 8740K, committed 9472K, reserved 1048576K
}

